<?xml version="1.0" encoding="UTF-8"?>
<!-- Generated by org.testng.reporters.JUnitReportReporter -->
<testsuite hostname="DESKTOP-KNKB3FR" failures="0" tests="4" name="Demo_API.GetAllPlayers" time="1.643" errors="0" timestamp="2023-07-07T16:28:23 IST" skipped="3">
  <testcase classname="Demo_API.GetAllPlayers" name="deleteMethod" time="1.643"/>
  <testcase classname="Demo_API.GetAllPlayers" name="allPlayers">
    <skipped/>
  </testcase> <!-- allPlayers -->
  <testcase classname="Demo_API.GetAllPlayers" name="PostMethod">
    <skipped/>
  </testcase> <!-- PostMethod -->
  <testcase classname="Demo_API.GetAllPlayers" name="putMethod">
    <skipped/>
  </testcase> <!-- putMethod -->
</testsuite> <!-- Demo_API.GetAllPlayers -->
