<?xml version="1.0" encoding="UTF-8"?>
<!-- Generated by org.testng.reporters.JUnitReportReporter -->
<testsuite hostname="DESKTOP-KNKB3FR" failures="0" tests="1" name="SerializationAnnotations.JsonAnyGetterSerilizer" time="0.342" errors="0" timestamp="2023-07-19T11:20:22 IST" skipped="0">
  <testcase classname="SerializationAnnotations.JsonAnyGetterSerilizer" name="Start" time="0.342"/>
</testsuite> <!-- SerializationAnnotations.JsonAnyGetterSerilizer -->
