<?xml version="1.0" encoding="UTF-8"?>
<!-- Generated by org.testng.reporters.JUnitReportReporter -->
<testsuite hostname="DESKTOP-KNKB3FR" failures="0" tests="1" name="JSON_File.ReadFile" time="0.021" errors="0" timestamp="2023-07-10T13:04:52 IST" skipped="0">
  <testcase classname="JSON_File.ReadFile" name="getStart" time="0.021"/>
</testsuite> <!-- JSON_File.ReadFile -->
