<?xml version="1.0" encoding="UTF-8"?>
<!-- Generated by org.testng.reporters.JUnitReportReporter -->
<testsuite hostname="DESKTOP-KNKB3FR" failures="0" tests="1" name="SerializationAnnotations.jsonRawValueSerializer" time="0.303" errors="0" timestamp="2023-07-19T12:37:07 IST" skipped="0">
  <testcase classname="SerializationAnnotations.jsonRawValueSerializer" name="Start" time="0.303"/>
</testsuite> <!-- SerializationAnnotations.jsonRawValueSerializer -->
