<?xml version="1.0" encoding="UTF-8"?>
<!-- Generated by org.testng.reporters.JUnitReportReporter -->
<testsuite hostname="DESKTOP-KNKB3FR" failures="0" tests="1" name="SerializationAnnotations.JsonRootNameSerializer" time="0.297" errors="0" timestamp="2023-07-19T16:55:39 IST" skipped="0">
  <testcase classname="SerializationAnnotations.JsonRootNameSerializer" name="Start" time="0.297"/>
</testsuite> <!-- SerializationAnnotations.JsonRootNameSerializer -->
