<?xml version="1.0" encoding="UTF-8"?>
<!-- Generated by org.testng.reporters.JUnitReportReporter -->
<testsuite hostname="DESKTOP-KNKB3FR" failures="0" tests="1" name="InterviewSection.RequestSpecification1" time="1.635" errors="0" timestamp="2023-07-20T14:14:20 IST" skipped="0">
  <testcase classname="InterviewSection.RequestSpecification1" name="Start" time="1.635"/>
</testsuite> <!-- InterviewSection.RequestSpecification1 -->
