<?xml version="1.0" encoding="UTF-8"?>
<!-- Generated by org.testng.reporters.JUnitReportReporter -->
<testsuite hostname="DESKTOP-KNKB3FR" failures="0" tests="1" name="InterviewSection.CompareTwoJson" time="0.265" errors="0" timestamp="2023-07-20T14:43:20 IST" skipped="0">
  <testcase classname="InterviewSection.CompareTwoJson" name="Start" time="0.265"/>
</testsuite> <!-- InterviewSection.CompareTwoJson -->
