<?xml version="1.0" encoding="UTF-8"?>
<!-- Generated by org.testng.reporters.JUnitReportReporter -->
<testsuite hostname="DESKTOP-KNKB3FR" failures="0" tests="1" name="Rest_Assured.NetworkntJsonSchema" time="0.372" errors="0" timestamp="2023-07-12T16:37:22 IST" skipped="0">
  <testcase classname="Rest_Assured.NetworkntJsonSchema" name="validator" time="0.372"/>
</testsuite> <!-- Rest_Assured.NetworkntJsonSchema -->
