<?xml version="1.0" encoding="UTF-8"?>
<!-- Generated by org.testng.reporters.JUnitReportReporter -->
<testsuite hostname="DESKTOP-KNKB3FR" failures="0" tests="3" name="Authorization.API_Key" time="2.458" errors="0" timestamp="2023-07-18T12:45:24 IST" skipped="2">
  <testcase classname="Authorization.API_Key" name="APIHeader" time="2.458"/>
  <testcase classname="Authorization.API_Key" name="Auth">
    <skipped/>
  </testcase> <!-- Auth -->
  <testcase classname="Authorization.API_Key" name="APIParameter">
    <skipped/>
  </testcase> <!-- APIParameter -->
</testsuite> <!-- Authorization.API_Key -->
