<?xml version="1.0" encoding="UTF-8"?>
<!-- Generated by org.testng.reporters.JUnitReportReporter -->
<testsuite hostname="DESKTOP-KNKB3FR" failures="0" tests="1" name="POJO.Serialization" time="0.311" errors="0" timestamp="2023-07-17T11:38:12 IST" skipped="0">
  <testcase classname="POJO.Serialization" name="Start" time="0.311"/>
</testsuite> <!-- POJO.Serialization -->
