<?xml version="1.0" encoding="UTF-8"?>
<!-- Generated by org.testng.reporters.JUnitReportReporter -->
<testsuite hostname="DESKTOP-KNKB3FR" failures="0" tests="1" name="InterviewSection.DefaultHostAndPort" time="2.347" errors="0" timestamp="2023-07-20T14:20:34 IST" skipped="0">
  <testcase classname="InterviewSection.DefaultHostAndPort" name="Start" time="2.347"/>
</testsuite> <!-- InterviewSection.DefaultHostAndPort -->
