<?xml version="1.0" encoding="UTF-8"?>
<!-- Generated by org.testng.reporters.JUnitReportReporter -->
<testsuite hostname="DESKTOP-KNKB3FR" failures="0" tests="1" name="DeserializationAnnotation.JsonSetterDeserialize" time="0.319" errors="0" timestamp="2023-07-19T17:58:07 IST" skipped="0">
  <testcase classname="DeserializationAnnotation.JsonSetterDeserialize" name="Start" time="0.319"/>
</testsuite> <!-- DeserializationAnnotation.JsonSetterDeserialize -->
