<?xml version="1.0" encoding="UTF-8"?>
<!-- Generated by org.testng.reporters.JUnitReportReporter -->
<testsuite hostname="DESKTOP-KNKB3FR" failures="0" tests="1" name="JsonSerialize.JsonAnnotationSerializer" time="0.269" errors="0" timestamp="2023-07-19T16:32:08 IST" skipped="0">
  <testcase classname="JsonSerialize.JsonAnnotationSerializer" name="Start" time="0.269"/>
</testsuite> <!-- JsonSerialize.JsonAnnotationSerializer -->
