<?xml version="1.0" encoding="UTF-8"?>
<!-- Generated by org.testng.reporters.JUnitReportReporter -->
<testsuite hostname="DESKTOP-KNKB3FR" failures="0" tests="1" name="SerializationAnnotations.JsonGetterSerializer" time="0.341" errors="0" timestamp="2023-07-19T17:47:05 IST" skipped="0">
  <testcase classname="SerializationAnnotations.JsonGetterSerializer" name="Start" time="0.341"/>
</testsuite> <!-- SerializationAnnotations.JsonGetterSerializer -->
