<?xml version="1.0" encoding="UTF-8"?>
<!-- Generated by org.testng.reporters.JUnitReportReporter -->
<testsuite hostname="DESKTOP-KNKB3FR" failures="0" tests="2" name="Rest_Assured.JsonSchema" time="2.352" errors="0" timestamp="2023-07-12T13:04:08 IST" skipped="1">
  <testcase classname="Rest_Assured.JsonSchema" name="UsingMatchesJsonSchema" time="2.352"/>
  <testcase classname="Rest_Assured.JsonSchema" name="UsingMatchesJsonSchemaInClasspath">
    <skipped/>
  </testcase> <!-- UsingMatchesJsonSchemaInClasspath -->
</testsuite> <!-- Rest_Assured.JsonSchema -->
