<?xml version="1.0" encoding="UTF-8"?>
<!-- Generated by org.testng.reporters.JUnitReportReporter -->
<testsuite hostname="DESKTOP-KNKB3FR" failures="0" tests="1" name="Authorization.BasicAuth" time="3.630" errors="0" timestamp="2023-07-18T12:05:32 IST" skipped="0">
  <testcase classname="Authorization.BasicAuth" name="Start" time="3.630"/>
</testsuite> <!-- Authorization.BasicAuth -->
