<?xml version="1.0" encoding="UTF-8"?>
<!-- Generated by org.testng.reporters.JUnitReportReporter -->
<testsuite hostname="DESKTOP-KNKB3FR" failures="0" tests="1" name="SerializationAnnotations.JsonAnnotationSerializer" time="0.281" errors="0" timestamp="2023-07-19T16:29:14 IST" skipped="0">
  <testcase classname="SerializationAnnotations.JsonAnnotationSerializer" name="Start" time="0.281"/>
</testsuite> <!-- SerializationAnnotations.JsonAnnotationSerializer -->
