<?xml version="1.0" encoding="UTF-8"?>
<!-- Generated by org.testng.reporters.JUnitReportReporter -->
<testsuite hostname="DESKTOP-KNKB3FR" failures="0" tests="4" name="Rest_Assured.Deserialization" time="2.021" errors="0" timestamp="2023-07-15T12:26:57 IST" skipped="3">
  <testcase classname="Rest_Assured.Deserialization" name="UsingAsFunction" time="2.021"/>
  <testcase classname="Rest_Assured.Deserialization" name="UsingObjectMapper">
    <skipped/>
  </testcase> <!-- UsingObjectMapper -->
  <testcase classname="Rest_Assured.Deserialization" name="UsingJaywayPath">
    <skipped/>
  </testcase> <!-- UsingJaywayPath -->
  <testcase classname="Rest_Assured.Deserialization" name="UsingRestAssured">
    <skipped/>
  </testcase> <!-- UsingRestAssured -->
</testsuite> <!-- Rest_Assured.Deserialization -->
