<?xml version="1.0" encoding="UTF-8"?>
<!-- Generated by org.testng.reporters.JUnitReportReporter -->
<testsuite hostname="DESKTOP-KNKB3FR" failures="0" tests="1" name="POJO.Employee1" time="0.341" errors="0" timestamp="2023-07-17T14:13:47 IST" skipped="0">
  <testcase classname="POJO.Employee1" name="getStart" time="0.341"/>
</testsuite> <!-- POJO.Employee1 -->
