<?xml version="1.0" encoding="UTF-8"?>
<!-- Generated by org.testng.reporters.JUnitReportReporter -->
<testsuite hostname="DESKTOP-KNKB3FR" failures="0" tests="3" name="Rest_Assured.RequestSpecification" time="1.073" errors="0" timestamp="2023-07-17T16:58:09 IST" skipped="2">
  <testcase classname="Rest_Assured.RequestSpecification" name="RequestSpecBuilder" time="1.073"/>
  <testcase classname="Rest_Assured.RequestSpecification" name="player">
    <skipped/>
  </testcase> <!-- player -->
  <testcase classname="Rest_Assured.RequestSpecification" name="AllPlayer">
    <skipped/>
  </testcase> <!-- AllPlayer -->
</testsuite> <!-- Rest_Assured.RequestSpecification -->
