<?xml version="1.0" encoding="UTF-8"?>
<!-- Generated by org.testng.reporters.JUnitReportReporter -->
<testsuite hostname="DESKTOP-KNKB3FR" failures="0" tests="1" name="Authorization.BearerToken" time="2.546" errors="0" timestamp="2023-07-18T13:02:16 IST" skipped="0">
  <testcase classname="Authorization.BearerToken" name="Start" time="2.546"/>
</testsuite> <!-- Authorization.BearerToken -->
