<?xml version="1.0" encoding="UTF-8"?>
<!-- Generated by org.testng.reporters.JUnitReportReporter -->
<testsuite hostname="DESKTOP-KNKB3FR" failures="0" tests="1" name="Rest_Assured.Employee1" time="0.014" errors="0" timestamp="2023-07-10T16:53:53 IST" skipped="0">
  <testcase classname="Rest_Assured.Employee1" name="getStart" time="0.014"/>
</testsuite> <!-- Rest_Assured.Employee1 -->
