<?xml version="1.0" encoding="UTF-8"?>
<!-- Generated by org.testng.reporters.JUnitReportReporter -->
<testsuite hostname="DESKTOP-KNKB3FR" failures="0" tests="1" name="Demo_API.ReadFile" time="1.684" errors="0" timestamp="2023-07-07T16:26:54 IST" skipped="0">
  <testcase classname="Demo_API.ReadFile" name="externalFile" time="1.684"/>
</testsuite> <!-- Demo_API.ReadFile -->
