<?xml version="1.0" encoding="UTF-8"?>
<!-- Generated by org.testng.reporters.JUnitReportReporter -->
<testsuite hostname="DESKTOP-KNKB3FR" failures="0" tests="1" name="JSON_File.WriteFile" time="0.020" errors="0" timestamp="2023-07-10T11:16:41 IST" skipped="0">
  <testcase classname="JSON_File.WriteFile" name="getStart" time="0.020"/>
</testsuite> <!-- JSON_File.WriteFile -->
