<?xml version="1.0" encoding="UTF-8"?>
<!-- Generated by org.testng.reporters.JUnitReportReporter -->
<testsuite hostname="DESKTOP-KNKB3FR" failures="0" tests="2" name="Rest_Assured.Returned" time="0.073" errors="0" timestamp="2023-07-14T10:24:49 IST" skipped="1">
  <testcase classname="Rest_Assured.Returned" name="Definite" time="0.073"/>
  <testcase classname="Rest_Assured.Returned" name="Indefinite">
    <skipped/>
  </testcase> <!-- Indefinite -->
</testsuite> <!-- Rest_Assured.Returned -->
