<?xml version="1.0" encoding="UTF-8"?>
<!-- Generated by org.testng.reporters.JUnitReportReporter -->
<testsuite hostname="DESKTOP-KNKB3FR" failures="0" tests="1" name="Rest_Assured.HamcrestMatches" time="0.625" errors="0" timestamp="2023-07-12T17:50:55 IST" skipped="0">
  <testcase classname="Rest_Assured.HamcrestMatches" name="validate" time="0.625"/>
</testsuite> <!-- Rest_Assured.HamcrestMatches -->
