<?xml version="1.0" encoding="UTF-8"?>
<!-- Generated by org.testng.reporters.JUnitReportReporter -->
<testsuite hostname="DESKTOP-KNKB3FR" failures="0" tests="1" name="DeserializationAnnotation.JsonAnySetterDeserialize" time="0.359" errors="0" timestamp="2023-07-20T14:48:28 IST" skipped="0">
  <testcase classname="DeserializationAnnotation.JsonAnySetterDeserialize" name="Start" time="0.359"/>
</testsuite> <!-- DeserializationAnnotation.JsonAnySetterDeserialize -->
