<?xml version="1.0" encoding="UTF-8"?>
<!-- Generated by org.testng.reporters.JUnitReportReporter -->
<testsuite hostname="DESKTOP-KNKB3FR" failures="0" tests="1" name="DeserializationAnnotation.JsonIgnoreSerialize" time="0.365" errors="0" timestamp="2023-07-20T14:49:50 IST" skipped="0">
  <testcase classname="DeserializationAnnotation.JsonIgnoreSerialize" name="Start" time="0.365"/>
</testsuite> <!-- DeserializationAnnotation.JsonIgnoreSerialize -->
