<?xml version="1.0" encoding="UTF-8"?>
<!-- Generated by org.testng.reporters.JUnitReportReporter -->
<testsuite hostname="DESKTOP-KNKB3FR" failures="0" tests="1" name="SerializationAnnotations.JsonPropertyOrderSerializer" time="0.301" errors="0" timestamp="2023-07-19T12:03:47 IST" skipped="0">
  <testcase classname="SerializationAnnotations.JsonPropertyOrderSerializer" name="Start" time="0.301"/>
</testsuite> <!-- SerializationAnnotations.JsonPropertyOrderSerializer -->
