<?xml version="1.0" encoding="UTF-8"?>
<!-- Generated by org.testng.reporters.JUnitReportReporter -->
<testsuite hostname="DESKTOP-KNKB3FR" failures="0" tests="1" name="SerializationAnnotations.JsonValueSerializer" time="0.292" errors="0" timestamp="2023-07-19T13:52:32 IST" skipped="0">
  <testcase classname="SerializationAnnotations.JsonValueSerializer" name="Start" time="0.292"/>
</testsuite> <!-- SerializationAnnotations.JsonValueSerializer -->
