<?xml version="1.0" encoding="UTF-8"?>
<!-- Generated by org.testng.reporters.JUnitReportReporter -->
<testsuite hostname="DESKTOP-KNKB3FR" failures="0" tests="2" name="Rest_Assured.FilterPredicates" time="0.147" errors="0" timestamp="2023-07-14T14:28:34 IST" skipped="1">
  <testcase classname="Rest_Assured.FilterPredicates" name="AND" time="0.147"/>
  <testcase classname="Rest_Assured.FilterPredicates" name="FilterAPI">
    <skipped/>
  </testcase> <!-- FilterAPI -->
</testsuite> <!-- Rest_Assured.FilterPredicates -->
