<?xml version="1.0" encoding="UTF-8"?>
<!-- Generated by org.testng.reporters.JUnitReportReporter -->
<testsuite hostname="DESKTOP-KNKB3FR" failures="0" tests="1" name="DeserializationAnnotation.JSonInjectDeserialize" time="0.318" errors="0" timestamp="2023-07-20T11:14:57 IST" skipped="0">
  <testcase classname="DeserializationAnnotation.JSonInjectDeserialize" name="Start" time="0.318"/>
</testsuite> <!-- DeserializationAnnotation.JSonInjectDeserialize -->
