<?xml version="1.0" encoding="UTF-8"?>
<!-- Generated by org.testng.reporters.JUnitReportReporter -->
<testsuite hostname="DESKTOP-KNKB3FR" failures="0" tests="1" name="DeserializationAnnotation.JsonCreatorDeserialize" time="0.317" errors="0" timestamp="2023-07-20T10:28:44 IST" skipped="0">
  <testcase classname="DeserializationAnnotation.JsonCreatorDeserialize" name="Start" time="0.317"/>
</testsuite> <!-- DeserializationAnnotation.JsonCreatorDeserialize -->
