<?xml version="1.0" encoding="UTF-8"?>
<!-- Generated by org.testng.reporters.JUnitReportReporter -->
<testsuite hostname="DESKTOP-KNKB3FR" failures="0" tests="1" name="Rest_Assured.Serialization" time="2.558" errors="0" timestamp="2023-07-12T10:50:21 IST" skipped="0">
  <testcase classname="Rest_Assured.Serialization" name="getStart" time="2.558"/>
</testsuite> <!-- Rest_Assured.Serialization -->
