<?xml version="1.0" encoding="UTF-8"?>
<!-- Generated by org.testng.reporters.JUnitReportReporter -->
<testsuite hostname="DESKTOP-KNKB3FR" failures="0" tests="1" name="Rest_Assured.ExConfiguration" time="0.067" errors="0" timestamp="2023-07-14T16:29:49 IST" skipped="0">
  <testcase classname="Rest_Assured.ExConfiguration" name="Start" time="0.067"/>
</testsuite> <!-- Rest_Assured.ExConfiguration -->
