<?xml version="1.0" encoding="UTF-8"?>
<!-- Generated by org.testng.reporters.JUnitReportReporter -->
<testsuite hostname="DESKTOP-KNKB3FR" failures="0" tests="1" name="Authorization.OAuth" time="3.070" errors="0" timestamp="2023-07-18T15:50:13 IST" skipped="0">
  <testcase classname="Authorization.OAuth" name="Start" time="3.070"/>
</testsuite> <!-- Authorization.OAuth -->
