<?xml version="1.0" encoding="UTF-8"?>
<!-- Generated by org.testng.reporters.JUnitReportReporter -->
<testsuite hostname="DESKTOP-KNKB3FR" failures="0" tests="4" name="Rest_Assured.Predicates" time="0.091" errors="0" timestamp="2023-07-14T14:06:32 IST" skipped="3">
  <testcase classname="Rest_Assured.Predicates" name="AndPredicates" time="0.091"/>
  <testcase classname="Rest_Assured.Predicates" name="InlinePredicates">
    <skipped/>
  </testcase> <!-- InlinePredicates -->
  <testcase classname="Rest_Assured.Predicates" name="ORPredicates">
    <skipped/>
  </testcase> <!-- ORPredicates -->
  <testcase classname="Rest_Assured.Predicates" name="NorPredicates">
    <skipped/>
  </testcase> <!-- NorPredicates -->
</testsuite> <!-- Rest_Assured.Predicates -->
