<?xml version="1.0" encoding="UTF-8"?>
<!-- Generated by org.testng.reporters.JUnitReportReporter -->
<testsuite hostname="DESKTOP-KNKB3FR" failures="0" tests="5" name="EludeWebApp.RestAssuredMethod" time="1.758" errors="0" timestamp="2023-07-06T17:42:03 IST" skipped="4">
  <testcase classname="EludeWebApp.RestAssuredMethod" name="getSingleUser" time="1.758"/>
  <testcase classname="EludeWebApp.RestAssuredMethod" name="PostMethod">
    <skipped/>
  </testcase> <!-- PostMethod -->
  <testcase classname="EludeWebApp.RestAssuredMethod" name="putMethod">
    <skipped/>
  </testcase> <!-- putMethod -->
  <testcase classname="EludeWebApp.RestAssuredMethod" name="getAllMethod">
    <skipped/>
  </testcase> <!-- getAllMethod -->
  <testcase classname="EludeWebApp.RestAssuredMethod" name="deleteMethod">
    <skipped/>
  </testcase> <!-- deleteMethod -->
</testsuite> <!-- EludeWebApp.RestAssuredMethod -->
