<?xml version="1.0" encoding="UTF-8"?>
<!-- Generated by org.testng.reporters.JUnitReportReporter -->
<testsuite hostname="DESKTOP-KNKB3FR" failures="0" tests="3" name="Rest_Assured.ReadJsonPath" time="0.077" errors="0" timestamp="2023-07-13T17:32:07 IST" skipped="2">
  <testcase classname="Rest_Assured.ReadJsonPath" name="FluentAPI" time="0.077"/>
  <testcase classname="Rest_Assured.ReadJsonPath" name="ParseEveryTime">
    <skipped/>
  </testcase> <!-- ParseEveryTime -->
  <testcase classname="Rest_Assured.ReadJsonPath" name="ParseOneTime">
    <skipped/>
  </testcase> <!-- ParseOneTime -->
</testsuite> <!-- Rest_Assured.ReadJsonPath -->
