<?xml version="1.0" encoding="UTF-8"?>
<!-- Generated by org.testng.reporters.JUnitReportReporter -->
<testsuite hostname="DESKTOP-KNKB3FR" failures="0" tests="2" name="Basic.EludeUserGet" time="2.402" errors="0" timestamp="2023-08-10T14:52:49 IST" skipped="1">
  <testcase classname="Basic.EludeUserGet" name="Start2" time="2.402"/>
  <testcase classname="Basic.EludeUserGet" name="Start1">
    <skipped/>
  </testcase> <!-- Start1 -->
</testsuite> <!-- Basic.EludeUserGet -->
