<?xml version="1.0" encoding="UTF-8"?>
<!-- Generated by org.testng.reporters.JUnitReportReporter -->
<testsuite hostname="DESKTOP-KNKB3FR" failures="0" tests="2" name="Basic.FirstTry" time="2.443" errors="0" timestamp="2023-07-28T12:19:57 IST" skipped="1">
  <testcase classname="Basic.FirstTry" name="Start2" time="2.443"/>
  <testcase classname="Basic.FirstTry" name="Start1">
    <skipped/>
  </testcase> <!-- Start1 -->
</testsuite> <!-- Basic.FirstTry -->
