<?xml version="1.0" encoding="UTF-8"?>
<!-- Generated by org.testng.reporters.JUnitReportReporter -->
<testsuite hostname="DESKTOP-KNKB3FR" failures="0" tests="3" name="Basic.DynamicJson" time="2.519" errors="0" timestamp="2023-07-29T15:46:34 IST" skipped="0">
  <testcase classname="Basic.DynamicJson" name="Start" time="0.098"/>
  <testcase classname="Basic.DynamicJson" name="Start" time="0.081"/>
  <testcase classname="Basic.DynamicJson" name="Start" time="2.340"/>
</testsuite> <!-- Basic.DynamicJson -->
